2025/04/23 15:32:27 [notice] 1#1: using the "epoll" event method
2025/04/23 15:32:27 [notice] 1#1: nginx/1.21.6
2025/04/23 15:32:27 [notice] 1#1: built by gcc 10.2.1 20210110 (Debian 10.2.1-6) 
2025/04/23 15:32:27 [notice] 1#1: OS: Linux 5.15.167.4-microsoft-standard-WSL2
2025/04/23 15:32:27 [notice] 1#1: getrlimit(RLIMIT_NOFILE): 1048576:1048576
2025/04/23 15:32:27 [notice] 1#1: start worker processes
2025/04/23 15:32:27 [notice] 1#1: start worker process 30
2025/04/23 15:32:27 [notice] 1#1: start worker process 31
2025/04/23 15:32:27 [notice] 1#1: start worker process 32
2025/04/23 15:32:27 [notice] 1#1: start worker process 33
2025/04/23 15:32:27 [notice] 1#1: start worker process 34
2025/04/23 15:32:27 [notice] 1#1: start worker process 35
2025/04/23 15:32:27 [notice] 1#1: start worker process 36
2025/04/23 15:32:27 [notice] 1#1: start worker process 37
2025/04/23 15:35:14 [notice] 1#1: signal 3 (SIGQUIT) received, shutting down
2025/04/23 15:35:14 [notice] 30#30: gracefully shutting down
2025/04/23 15:35:14 [notice] 36#36: gracefully shutting down
2025/04/23 15:35:14 [notice] 31#31: gracefully shutting down
2025/04/23 15:35:14 [notice] 31#31: exiting
2025/04/23 15:35:14 [notice] 33#33: gracefully shutting down
2025/04/23 15:35:14 [notice] 32#32: gracefully shutting down
2025/04/23 15:35:14 [notice] 34#34: gracefully shutting down
2025/04/23 15:35:14 [notice] 35#35: gracefully shutting down
2025/04/23 15:35:14 [notice] 37#37: gracefully shutting down
2025/04/23 15:35:14 [notice] 30#30: exiting
2025/04/23 15:35:14 [notice] 36#36: exiting
2025/04/23 15:35:14 [notice] 31#31: exit
2025/04/23 15:35:14 [notice] 33#33: exiting
2025/04/23 15:35:14 [notice] 33#33: exit
2025/04/23 15:35:14 [notice] 32#32: exiting
2025/04/23 15:35:14 [notice] 34#34: exiting
2025/04/23 15:35:14 [notice] 35#35: exiting
2025/04/23 15:35:14 [notice] 37#37: exiting
2025/04/23 15:35:14 [notice] 30#30: exit
2025/04/23 15:35:14 [notice] 36#36: exit
2025/04/23 15:35:14 [notice] 32#32: exit
2025/04/23 15:35:14 [notice] 34#34: exit
2025/04/23 15:35:14 [notice] 35#35: exit
2025/04/23 15:35:14 [notice] 37#37: exit
2025/04/23 15:35:14 [notice] 1#1: signal 17 (SIGCHLD) received from 35
2025/04/23 15:35:14 [notice] 1#1: worker process 30 exited with code 0
2025/04/23 15:35:14 [notice] 1#1: worker process 31 exited with code 0
2025/04/23 15:35:14 [notice] 1#1: worker process 32 exited with code 0
2025/04/23 15:35:14 [notice] 1#1: worker process 33 exited with code 0
2025/04/23 15:35:14 [notice] 1#1: worker process 35 exited with code 0
2025/04/23 15:35:14 [notice] 1#1: signal 29 (SIGIO) received
2025/04/23 15:35:14 [notice] 1#1: signal 17 (SIGCHLD) received from 32
2025/04/23 15:35:14 [notice] 1#1: worker process 37 exited with code 0
2025/04/23 15:35:14 [notice] 1#1: signal 29 (SIGIO) received
2025/04/23 15:35:14 [notice] 1#1: signal 17 (SIGCHLD) received from 37
2025/04/23 15:35:14 [notice] 1#1: signal 17 (SIGCHLD) received from 34
2025/04/23 15:35:14 [notice] 1#1: worker process 34 exited with code 0
2025/04/23 15:35:14 [notice] 1#1: worker process 36 exited with code 0
2025/04/23 15:35:14 [notice] 1#1: exit
2025/04/23 15:38:41 [notice] 1#1: using the "epoll" event method
2025/04/23 15:38:41 [notice] 1#1: nginx/1.21.6
2025/04/23 15:38:41 [notice] 1#1: built by gcc 10.2.1 20210110 (Debian 10.2.1-6) 
2025/04/23 15:38:41 [notice] 1#1: OS: Linux 5.15.167.4-microsoft-standard-WSL2
2025/04/23 15:38:41 [notice] 1#1: getrlimit(RLIMIT_NOFILE): 1048576:1048576
2025/04/23 15:38:41 [notice] 1#1: start worker processes
2025/04/23 15:38:41 [notice] 1#1: start worker process 30
2025/04/23 15:38:41 [notice] 1#1: start worker process 31
2025/04/23 15:38:41 [notice] 1#1: start worker process 32
2025/04/23 15:38:41 [notice] 1#1: start worker process 33
2025/04/23 15:38:41 [notice] 1#1: start worker process 34
2025/04/23 15:38:41 [notice] 1#1: start worker process 35
2025/04/23 15:38:41 [notice] 1#1: start worker process 36
2025/04/23 15:38:41 [notice] 1#1: start worker process 37
2025/04/23 15:43:23 [notice] 1#1: signal 3 (SIGQUIT) received, shutting down
2025/04/23 15:43:23 [notice] 33#33: gracefully shutting down
2025/04/23 15:43:23 [notice] 30#30: gracefully shutting down
2025/04/23 15:43:23 [notice] 37#37: gracefully shutting down
2025/04/23 15:43:23 [notice] 34#34: gracefully shutting down
2025/04/23 15:43:23 [notice] 35#35: gracefully shutting down
2025/04/23 15:43:23 [notice] 31#31: gracefully shutting down
2025/04/23 15:43:23 [notice] 31#31: exiting
2025/04/23 15:43:23 [notice] 36#36: gracefully shutting down
2025/04/23 15:43:23 [notice] 32#32: gracefully shutting down
2025/04/23 15:43:23 [notice] 33#33: exiting
2025/04/23 15:43:23 [notice] 30#30: exiting
2025/04/23 15:43:23 [notice] 37#37: exiting
2025/04/23 15:43:23 [notice] 34#34: exiting
2025/04/23 15:43:23 [notice] 35#35: exiting
2025/04/23 15:43:23 [notice] 31#31: exit
2025/04/23 15:43:23 [notice] 36#36: exiting
2025/04/23 15:43:23 [notice] 32#32: exiting
2025/04/23 15:43:23 [notice] 33#33: exit
2025/04/23 15:43:23 [notice] 30#30: exit
2025/04/23 15:43:23 [notice] 37#37: exit
2025/04/23 15:43:23 [notice] 34#34: exit
2025/04/23 15:43:23 [notice] 35#35: exit
2025/04/23 15:43:23 [notice] 36#36: exit
2025/04/23 15:43:23 [notice] 32#32: exit
2025/04/23 15:43:23 [notice] 1#1: signal 17 (SIGCHLD) received from 36
2025/04/23 15:43:23 [notice] 1#1: worker process 32 exited with code 0
2025/04/23 15:43:23 [notice] 1#1: worker process 33 exited with code 0
2025/04/23 15:43:23 [notice] 1#1: worker process 35 exited with code 0
2025/04/23 15:43:23 [notice] 1#1: worker process 36 exited with code 0
2025/04/23 15:43:23 [notice] 1#1: worker process 37 exited with code 0
2025/04/23 15:43:23 [notice] 1#1: signal 29 (SIGIO) received
2025/04/23 15:43:23 [notice] 1#1: signal 17 (SIGCHLD) received from 37
2025/04/23 15:43:23 [notice] 1#1: worker process 30 exited with code 0
2025/04/23 15:43:23 [notice] 1#1: signal 29 (SIGIO) received
2025/04/23 15:43:23 [notice] 1#1: signal 17 (SIGCHLD) received from 30
2025/04/23 15:43:23 [notice] 1#1: signal 17 (SIGCHLD) received from 31
2025/04/23 15:43:23 [notice] 1#1: worker process 31 exited with code 0
2025/04/23 15:43:23 [notice] 1#1: worker process 34 exited with code 0
2025/04/23 15:43:23 [notice] 1#1: exit
2025/04/23 15:43:48 [notice] 1#1: using the "epoll" event method
2025/04/23 15:43:48 [notice] 1#1: nginx/1.21.6
2025/04/23 15:43:48 [notice] 1#1: built by gcc 10.2.1 20210110 (Debian 10.2.1-6) 
2025/04/23 15:43:48 [notice] 1#1: OS: Linux 5.15.167.4-microsoft-standard-WSL2
2025/04/23 15:43:48 [notice] 1#1: getrlimit(RLIMIT_NOFILE): 1048576:1048576
2025/04/23 15:43:48 [notice] 1#1: start worker processes
2025/04/23 15:43:48 [notice] 1#1: start worker process 30
2025/04/23 15:43:48 [notice] 1#1: start worker process 31
2025/04/23 15:43:48 [notice] 1#1: start worker process 32
2025/04/23 15:43:48 [notice] 1#1: start worker process 33
2025/04/23 15:43:48 [notice] 1#1: start worker process 34
2025/04/23 15:43:48 [notice] 1#1: start worker process 35
2025/04/23 15:43:48 [notice] 1#1: start worker process 36
2025/04/23 15:43:48 [notice] 1#1: start worker process 37
2025/04/23 15:44:14 [notice] 1#1: signal 3 (SIGQUIT) received, shutting down
2025/04/23 15:44:14 [notice] 30#30: gracefully shutting down
2025/04/23 15:44:14 [notice] 31#31: gracefully shutting down
2025/04/23 15:44:14 [notice] 32#32: gracefully shutting down
2025/04/23 15:44:14 [notice] 33#33: gracefully shutting down
2025/04/23 15:44:14 [notice] 36#36: gracefully shutting down
2025/04/23 15:44:14 [notice] 35#35: gracefully shutting down
2025/04/23 15:44:14 [notice] 35#35: exiting
2025/04/23 15:44:14 [notice] 34#34: gracefully shutting down
2025/04/23 15:44:14 [notice] 37#37: gracefully shutting down
2025/04/23 15:44:14 [notice] 30#30: exiting
2025/04/23 15:44:14 [notice] 32#32: exiting
2025/04/23 15:44:14 [notice] 33#33: exiting
2025/04/23 15:44:14 [notice] 36#36: exiting
2025/04/23 15:44:14 [notice] 35#35: exit
2025/04/23 15:44:14 [notice] 34#34: exiting
2025/04/23 15:44:14 [notice] 34#34: exit
2025/04/23 15:44:14 [notice] 37#37: exiting
2025/04/23 15:44:14 [notice] 37#37: exit
2025/04/23 15:44:14 [notice] 30#30: exit
2025/04/23 15:44:14 [notice] 32#32: exit
2025/04/23 15:44:14 [notice] 33#33: exit
2025/04/23 15:44:14 [notice] 36#36: exit
2025/04/23 15:44:14 [notice] 1#1: signal 17 (SIGCHLD) received from 35
2025/04/23 15:44:14 [notice] 1#1: worker process 30 exited with code 0
2025/04/23 15:44:14 [notice] 1#1: worker process 33 exited with code 0
2025/04/23 15:44:14 [notice] 1#1: worker process 35 exited with code 0
2025/04/23 15:44:14 [notice] 1#1: worker process 36 exited with code 0
2025/04/23 15:44:14 [notice] 1#1: signal 29 (SIGIO) received
2025/04/23 15:44:14 [notice] 1#1: signal 17 (SIGCHLD) received from 36
2025/04/23 15:44:14 [notice] 1#1: signal 17 (SIGCHLD) received from 34
2025/04/23 15:44:14 [notice] 1#1: worker process 34 exited with code 0
2025/04/23 15:44:14 [notice] 1#1: signal 29 (SIGIO) received
2025/04/23 15:44:14 [notice] 1#1: signal 17 (SIGCHLD) received from 37
2025/04/23 15:44:14 [notice] 1#1: worker process 32 exited with code 0
2025/04/23 15:44:14 [notice] 1#1: worker process 37 exited with code 0
2025/04/23 15:44:14 [notice] 1#1: signal 29 (SIGIO) received
2025/04/23 15:44:56 [notice] 1#1: using the "epoll" event method
2025/04/23 15:44:56 [notice] 1#1: nginx/1.21.6
2025/04/23 15:44:56 [notice] 1#1: built by gcc 10.2.1 20210110 (Debian 10.2.1-6) 
2025/04/23 15:44:56 [notice] 1#1: OS: Linux 5.15.167.4-microsoft-standard-WSL2
2025/04/23 15:44:56 [notice] 1#1: getrlimit(RLIMIT_NOFILE): 1048576:1048576
2025/04/23 15:44:56 [notice] 1#1: start worker processes
2025/04/23 15:44:56 [notice] 1#1: start worker process 30
2025/04/23 15:44:56 [notice] 1#1: start worker process 31
2025/04/23 15:44:56 [notice] 1#1: start worker process 32
2025/04/23 15:44:56 [notice] 1#1: start worker process 33
2025/04/23 15:44:56 [notice] 1#1: start worker process 34
2025/04/23 15:44:56 [notice] 1#1: start worker process 35
2025/04/23 15:44:56 [notice] 1#1: start worker process 36
2025/04/23 15:44:56 [notice] 1#1: start worker process 37
2025/04/23 15:50:00 [notice] 1#1: signal 3 (SIGQUIT) received, shutting down
2025/04/23 15:50:00 [notice] 31#31: gracefully shutting down
2025/04/23 15:50:00 [notice] 37#37: gracefully shutting down
2025/04/23 15:50:00 [notice] 30#30: gracefully shutting down
2025/04/23 15:50:00 [notice] 32#32: gracefully shutting down
2025/04/23 15:50:00 [notice] 33#33: gracefully shutting down
2025/04/23 15:50:00 [notice] 33#33: exiting
2025/04/23 15:50:00 [notice] 34#34: gracefully shutting down
2025/04/23 15:50:00 [notice] 35#35: gracefully shutting down
2025/04/23 15:50:00 [notice] 35#35: exiting
2025/04/23 15:50:00 [notice] 36#36: gracefully shutting down
2025/04/23 15:50:00 [notice] 31#31: exiting
2025/04/23 15:50:00 [notice] 37#37: exiting
2025/04/23 15:50:00 [notice] 30#30: exiting
2025/04/23 15:50:00 [notice] 32#32: exiting
2025/04/23 15:50:00 [notice] 33#33: exit
2025/04/23 15:50:00 [notice] 34#34: exiting
2025/04/23 15:50:00 [notice] 35#35: exit
2025/04/23 15:50:00 [notice] 36#36: exiting
2025/04/23 15:50:00 [notice] 31#31: exit
2025/04/23 15:50:00 [notice] 37#37: exit
2025/04/23 15:50:00 [notice] 30#30: exit
2025/04/23 15:50:00 [notice] 32#32: exit
2025/04/23 15:50:00 [notice] 34#34: exit
2025/04/23 15:50:00 [notice] 36#36: exit
2025/04/23 15:50:00 [notice] 1#1: signal 17 (SIGCHLD) received from 37
2025/04/23 15:50:00 [notice] 1#1: worker process 30 exited with code 0
2025/04/23 15:50:00 [notice] 1#1: worker process 32 exited with code 0
2025/04/23 15:50:00 [notice] 1#1: worker process 34 exited with code 0
2025/04/23 15:50:00 [notice] 1#1: worker process 35 exited with code 0
2025/04/23 15:50:00 [notice] 1#1: worker process 37 exited with code 0
2025/04/23 15:50:00 [notice] 1#1: signal 29 (SIGIO) received
2025/04/23 15:50:00 [notice] 1#1: signal 17 (SIGCHLD) received from 31
2025/04/23 15:50:00 [notice] 1#1: worker process 31 exited with code 0
2025/04/23 15:50:00 [notice] 1#1: worker process 36 exited with code 0
2025/04/23 15:50:00 [notice] 1#1: signal 29 (SIGIO) received
2025/04/23 15:50:00 [notice] 1#1: signal 17 (SIGCHLD) received from 33
2025/04/23 15:50:00 [notice] 1#1: worker process 33 exited with code 0
2025/04/23 15:50:00 [notice] 1#1: exit
2025/04/23 15:57:30 [notice] 1#1: using the "epoll" event method
2025/04/23 15:57:30 [notice] 1#1: nginx/1.21.6
2025/04/23 15:57:30 [notice] 1#1: built by gcc 10.2.1 20210110 (Debian 10.2.1-6) 
2025/04/23 15:57:30 [notice] 1#1: OS: Linux 5.15.167.4-microsoft-standard-WSL2
2025/04/23 15:57:30 [notice] 1#1: getrlimit(RLIMIT_NOFILE): 1048576:1048576
2025/04/23 15:57:30 [notice] 1#1: start worker processes
2025/04/23 15:57:30 [notice] 1#1: start worker process 30
2025/04/23 15:57:30 [notice] 1#1: start worker process 31
2025/04/23 15:57:30 [notice] 1#1: start worker process 32
2025/04/23 15:57:30 [notice] 1#1: start worker process 33
2025/04/23 15:57:30 [notice] 1#1: start worker process 34
2025/04/23 15:57:30 [notice] 1#1: start worker process 35
2025/04/23 15:57:30 [notice] 1#1: start worker process 36
2025/04/23 15:57:30 [notice] 1#1: start worker process 37
2025/04/23 15:57:50 [error] 30#30: *1 user "admin": password mismatch, client: 172.21.0.1, server: , request: "GET / HTTP/1.1", host: "localhost:3000"
2025/04/23 16:00:55 [notice] 1#1: signal 3 (SIGQUIT) received, shutting down
2025/04/23 16:00:55 [notice] 30#30: gracefully shutting down
2025/04/23 16:00:55 [notice] 31#31: gracefully shutting down
2025/04/23 16:00:55 [notice] 35#35: gracefully shutting down
2025/04/23 16:00:55 [notice] 33#33: gracefully shutting down
2025/04/23 16:00:55 [notice] 32#32: gracefully shutting down
2025/04/23 16:00:55 [notice] 36#36: gracefully shutting down
2025/04/23 16:00:55 [notice] 37#37: gracefully shutting down
2025/04/23 16:00:55 [notice] 34#34: gracefully shutting down
2025/04/23 16:00:55 [notice] 30#30: exiting
2025/04/23 16:00:55 [notice] 31#31: exiting
2025/04/23 16:00:55 [notice] 35#35: exiting
2025/04/23 16:00:55 [notice] 33#33: exiting
2025/04/23 16:00:55 [notice] 32#32: exiting
2025/04/23 16:00:55 [notice] 36#36: exiting
2025/04/23 16:00:55 [notice] 37#37: exiting
2025/04/23 16:00:55 [notice] 34#34: exiting
2025/04/23 16:00:55 [notice] 30#30: exit
2025/04/23 16:00:55 [notice] 31#31: exit
2025/04/23 16:00:55 [notice] 35#35: exit
2025/04/23 16:00:55 [notice] 33#33: exit
2025/04/23 16:00:55 [notice] 32#32: exit
2025/04/23 16:00:55 [notice] 36#36: exit
2025/04/23 16:00:55 [notice] 37#37: exit
2025/04/23 16:00:55 [notice] 34#34: exit
2025/04/23 16:00:55 [notice] 1#1: signal 17 (SIGCHLD) received from 37
2025/04/23 16:00:55 [notice] 1#1: worker process 32 exited with code 0
2025/04/23 16:00:55 [notice] 1#1: worker process 35 exited with code 0
2025/04/23 16:00:55 [notice] 1#1: worker process 37 exited with code 0
2025/04/23 16:00:55 [notice] 1#1: signal 29 (SIGIO) received
2025/04/23 16:00:55 [notice] 1#1: signal 17 (SIGCHLD) received from 31
2025/04/23 16:00:55 [notice] 1#1: worker process 30 exited with code 0
2025/04/23 16:00:55 [notice] 1#1: worker process 31 exited with code 0
2025/04/23 16:00:55 [notice] 1#1: worker process 36 exited with code 0
2025/04/23 16:00:55 [notice] 1#1: signal 29 (SIGIO) received
2025/04/23 16:00:55 [notice] 1#1: signal 17 (SIGCHLD) received from 30
2025/04/23 16:00:55 [notice] 1#1: signal 17 (SIGCHLD) received from 33
2025/04/23 16:00:55 [notice] 1#1: worker process 33 exited with code 0
2025/04/23 16:00:55 [notice] 1#1: worker process 34 exited with code 0
2025/04/23 16:00:55 [notice] 1#1: exit
2025/04/23 16:01:26 [notice] 1#1: using the "epoll" event method
2025/04/23 16:01:26 [notice] 1#1: nginx/1.21.6
2025/04/23 16:01:26 [notice] 1#1: built by gcc 10.2.1 20210110 (Debian 10.2.1-6) 
2025/04/23 16:01:26 [notice] 1#1: OS: Linux 5.15.167.4-microsoft-standard-WSL2
2025/04/23 16:01:26 [notice] 1#1: getrlimit(RLIMIT_NOFILE): 1048576:1048576
2025/04/23 16:01:26 [notice] 1#1: start worker processes
2025/04/23 16:01:26 [notice] 1#1: start worker process 30
2025/04/23 16:01:26 [notice] 1#1: start worker process 31
2025/04/23 16:01:26 [notice] 1#1: start worker process 32
2025/04/23 16:01:26 [notice] 1#1: start worker process 33
2025/04/23 16:01:26 [notice] 1#1: start worker process 34
2025/04/23 16:01:26 [notice] 1#1: start worker process 35
2025/04/23 16:01:26 [notice] 1#1: start worker process 36
2025/04/23 16:01:26 [notice] 1#1: start worker process 37
2025/04/23 16:02:43 [notice] 1#1: signal 3 (SIGQUIT) received, shutting down
2025/04/23 16:02:43 [notice] 31#31: gracefully shutting down
2025/04/23 16:02:43 [notice] 30#30: gracefully shutting down
2025/04/23 16:02:43 [notice] 30#30: exiting
2025/04/23 16:02:43 [notice] 33#33: gracefully shutting down
2025/04/23 16:02:43 [notice] 32#32: gracefully shutting down
2025/04/23 16:02:43 [notice] 34#34: gracefully shutting down
2025/04/23 16:02:43 [notice] 35#35: gracefully shutting down
2025/04/23 16:02:43 [notice] 37#37: gracefully shutting down
2025/04/23 16:02:43 [notice] 36#36: gracefully shutting down
2025/04/23 16:02:43 [notice] 31#31: exiting
2025/04/23 16:02:43 [notice] 30#30: exit
2025/04/23 16:02:43 [notice] 33#33: exiting
2025/04/23 16:02:43 [notice] 32#32: exiting
2025/04/23 16:02:43 [notice] 34#34: exiting
2025/04/23 16:02:43 [notice] 35#35: exiting
2025/04/23 16:02:43 [notice] 37#37: exiting
2025/04/23 16:02:43 [notice] 36#36: exiting
2025/04/23 16:02:43 [notice] 31#31: exit
2025/04/23 16:02:43 [notice] 33#33: exit
2025/04/23 16:02:43 [notice] 32#32: exit
2025/04/23 16:02:43 [notice] 34#34: exit
2025/04/23 16:02:43 [notice] 35#35: exit
2025/04/23 16:02:43 [notice] 37#37: exit
2025/04/23 16:02:43 [notice] 36#36: exit
2025/04/23 16:02:43 [notice] 1#1: signal 17 (SIGCHLD) received from 37
2025/04/23 16:02:43 [notice] 1#1: worker process 30 exited with code 0
2025/04/23 16:02:43 [notice] 1#1: worker process 32 exited with code 0
2025/04/23 16:02:43 [notice] 1#1: worker process 34 exited with code 0
2025/04/23 16:02:43 [notice] 1#1: worker process 36 exited with code 0
2025/04/23 16:02:43 [notice] 1#1: worker process 37 exited with code 0
2025/04/23 16:02:43 [notice] 1#1: signal 29 (SIGIO) received
2025/04/23 16:02:43 [notice] 1#1: signal 17 (SIGCHLD) received from 35
2025/04/23 16:02:43 [notice] 1#1: worker process 33 exited with code 0
2025/04/23 16:02:43 [notice] 1#1: worker process 35 exited with code 0
2025/04/23 16:02:43 [notice] 1#1: signal 29 (SIGIO) received
2025/04/23 16:02:43 [notice] 1#1: signal 17 (SIGCHLD) received from 31
2025/04/23 16:02:43 [notice] 1#1: worker process 31 exited with code 0
2025/04/23 16:02:43 [notice] 1#1: exit
2025/04/23 16:03:10 [notice] 1#1: using the "epoll" event method
2025/04/23 16:03:10 [notice] 1#1: nginx/1.21.6
2025/04/23 16:03:10 [notice] 1#1: built by gcc 10.2.1 20210110 (Debian 10.2.1-6) 
2025/04/23 16:03:10 [notice] 1#1: OS: Linux 5.15.167.4-microsoft-standard-WSL2
2025/04/23 16:03:10 [notice] 1#1: getrlimit(RLIMIT_NOFILE): 1048576:1048576
2025/04/23 16:03:10 [notice] 1#1: start worker processes
2025/04/23 16:03:10 [notice] 1#1: start worker process 30
2025/04/23 16:03:10 [notice] 1#1: start worker process 31
2025/04/23 16:03:10 [notice] 1#1: start worker process 32
2025/04/23 16:03:10 [notice] 1#1: start worker process 33
2025/04/23 16:03:10 [notice] 1#1: start worker process 34
2025/04/23 16:03:10 [notice] 1#1: start worker process 35
2025/04/23 16:03:10 [notice] 1#1: start worker process 36
2025/04/23 16:03:10 [notice] 1#1: start worker process 37
2025/04/23 16:04:33 [notice] 1#1: signal 3 (SIGQUIT) received, shutting down
2025/04/23 16:04:33 [notice] 30#30: gracefully shutting down
2025/04/23 16:04:33 [notice] 35#35: gracefully shutting down
2025/04/23 16:04:33 [notice] 31#31: gracefully shutting down
2025/04/23 16:04:33 [notice] 36#36: gracefully shutting down
2025/04/23 16:04:33 [notice] 37#37: gracefully shutting down
2025/04/23 16:04:33 [notice] 32#32: gracefully shutting down
2025/04/23 16:04:33 [notice] 33#33: gracefully shutting down
2025/04/23 16:04:33 [notice] 34#34: gracefully shutting down
2025/04/23 16:04:33 [notice] 30#30: exiting
2025/04/23 16:04:33 [notice] 35#35: exiting
2025/04/23 16:04:33 [notice] 31#31: exiting
2025/04/23 16:04:33 [notice] 36#36: exiting
2025/04/23 16:04:33 [notice] 37#37: exiting
2025/04/23 16:04:33 [notice] 32#32: exiting
2025/04/23 16:04:33 [notice] 33#33: exiting
2025/04/23 16:04:33 [notice] 34#34: exiting
2025/04/23 16:04:33 [notice] 30#30: exit
2025/04/23 16:04:33 [notice] 35#35: exit
2025/04/23 16:04:33 [notice] 31#31: exit
2025/04/23 16:04:33 [notice] 36#36: exit
2025/04/23 16:04:33 [notice] 37#37: exit
2025/04/23 16:04:33 [notice] 32#32: exit
2025/04/23 16:04:33 [notice] 33#33: exit
2025/04/23 16:04:33 [notice] 34#34: exit
2025/04/23 16:04:33 [notice] 1#1: signal 17 (SIGCHLD) received from 34
2025/04/23 16:04:33 [notice] 1#1: worker process 30 exited with code 0
2025/04/23 16:04:33 [notice] 1#1: worker process 31 exited with code 0
2025/04/23 16:04:33 [notice] 1#1: worker process 33 exited with code 0
2025/04/23 16:04:33 [notice] 1#1: worker process 34 exited with code 0
2025/04/23 16:04:33 [notice] 1#1: worker process 35 exited with code 0
2025/04/23 16:04:33 [notice] 1#1: worker process 36 exited with code 0
2025/04/23 16:04:33 [notice] 1#1: signal 29 (SIGIO) received
2025/04/23 16:04:33 [notice] 1#1: signal 17 (SIGCHLD) received from 37
2025/04/23 16:04:33 [notice] 1#1: worker process 37 exited with code 0
2025/04/23 16:04:33 [notice] 1#1: signal 29 (SIGIO) received
2025/04/23 16:04:33 [notice] 1#1: signal 17 (SIGCHLD) received from 32
2025/04/23 16:04:33 [notice] 1#1: worker process 32 exited with code 0
2025/04/23 16:04:33 [notice] 1#1: exit
2025/04/23 16:04:50 [notice] 1#1: using the "epoll" event method
2025/04/23 16:04:50 [notice] 1#1: nginx/1.21.6
2025/04/23 16:04:50 [notice] 1#1: built by gcc 10.2.1 20210110 (Debian 10.2.1-6) 
2025/04/23 16:04:50 [notice] 1#1: OS: Linux 5.15.167.4-microsoft-standard-WSL2
2025/04/23 16:04:50 [notice] 1#1: getrlimit(RLIMIT_NOFILE): 1048576:1048576
2025/04/23 16:04:50 [notice] 1#1: start worker processes
2025/04/23 16:04:50 [notice] 1#1: start worker process 30
2025/04/23 16:04:50 [notice] 1#1: start worker process 31
2025/04/23 16:04:50 [notice] 1#1: start worker process 32
2025/04/23 16:04:50 [notice] 1#1: start worker process 33
2025/04/23 16:04:50 [notice] 1#1: start worker process 34
2025/04/23 16:04:50 [notice] 1#1: start worker process 35
2025/04/23 16:04:50 [notice] 1#1: start worker process 36
2025/04/23 16:04:50 [notice] 1#1: start worker process 37
2025/04/23 16:04:58 [notice] 1#1: signal 3 (SIGQUIT) received, shutting down
2025/04/23 16:04:58 [notice] 30#30: gracefully shutting down
2025/04/23 16:04:58 [notice] 32#32: gracefully shutting down
2025/04/23 16:04:58 [notice] 32#32: exiting
2025/04/23 16:04:58 [notice] 31#31: gracefully shutting down
2025/04/23 16:04:58 [notice] 34#34: gracefully shutting down
2025/04/23 16:04:58 [notice] 35#35: gracefully shutting down
2025/04/23 16:04:58 [notice] 35#35: exiting
2025/04/23 16:04:58 [notice] 33#33: gracefully shutting down
2025/04/23 16:04:58 [notice] 33#33: exiting
2025/04/23 16:04:58 [notice] 36#36: gracefully shutting down
2025/04/23 16:04:58 [notice] 36#36: exiting
2025/04/23 16:04:58 [notice] 37#37: gracefully shutting down
2025/04/23 16:04:58 [notice] 37#37: exiting
2025/04/23 16:04:58 [notice] 30#30: exiting
2025/04/23 16:04:58 [notice] 30#30: exit
2025/04/23 16:04:58 [notice] 32#32: exit
2025/04/23 16:04:58 [notice] 34#34: exiting
2025/04/23 16:04:58 [notice] 35#35: exit
2025/04/23 16:04:58 [notice] 33#33: exit
2025/04/23 16:04:58 [notice] 36#36: exit
2025/04/23 16:04:58 [notice] 37#37: exit
2025/04/23 16:04:58 [notice] 34#34: exit
2025/04/23 16:04:58 [notice] 1#1: signal 17 (SIGCHLD) received from 37
2025/04/23 16:04:58 [notice] 1#1: worker process 33 exited with code 0
2025/04/23 16:04:58 [notice] 1#1: worker process 37 exited with code 0
2025/04/23 16:04:58 [notice] 1#1: signal 29 (SIGIO) received
2025/04/23 16:04:58 [notice] 1#1: signal 17 (SIGCHLD) received from 30
2025/04/23 16:04:58 [notice] 1#1: worker process 30 exited with code 0
2025/04/23 16:04:58 [notice] 1#1: worker process 32 exited with code 0
2025/04/23 16:04:58 [notice] 1#1: worker process 34 exited with code 0
2025/04/23 16:04:58 [notice] 1#1: worker process 36 exited with code 0
2025/04/23 16:04:58 [notice] 1#1: signal 29 (SIGIO) received
2025/04/23 16:04:58 [notice] 1#1: signal 17 (SIGCHLD) received from 32
2025/04/23 16:04:58 [notice] 1#1: signal 17 (SIGCHLD) received from 35
2025/04/23 16:04:58 [notice] 1#1: worker process 35 exited with code 0
2025/04/23 16:04:58 [notice] 1#1: signal 29 (SIGIO) received
2025/04/23 16:05:35 [notice] 1#1: using the "epoll" event method
2025/04/23 16:05:35 [notice] 1#1: nginx/1.21.6
2025/04/23 16:05:35 [notice] 1#1: built by gcc 10.2.1 20210110 (Debian 10.2.1-6) 
2025/04/23 16:05:35 [notice] 1#1: OS: Linux 5.15.167.4-microsoft-standard-WSL2
2025/04/23 16:05:35 [notice] 1#1: getrlimit(RLIMIT_NOFILE): 1048576:1048576
2025/04/23 16:05:35 [notice] 1#1: start worker processes
2025/04/23 16:05:35 [notice] 1#1: start worker process 30
2025/04/23 16:05:35 [notice] 1#1: start worker process 31
2025/04/23 16:05:35 [notice] 1#1: start worker process 32
2025/04/23 16:05:35 [notice] 1#1: start worker process 33
2025/04/23 16:05:35 [notice] 1#1: start worker process 34
2025/04/23 16:05:35 [notice] 1#1: start worker process 35
2025/04/23 16:05:35 [notice] 1#1: start worker process 36
2025/04/23 16:05:35 [notice] 1#1: start worker process 37
2025/04/23 16:06:04 [error] 32#32: *4 user "admin": password mismatch, client: 172.21.0.1, server: , request: "GET / HTTP/1.1", host: "localhost:3000"
2025/04/23 16:07:42 [notice] 1#1: signal 3 (SIGQUIT) received, shutting down
2025/04/23 16:07:42 [notice] 30#30: gracefully shutting down
2025/04/23 16:07:42 [notice] 31#31: gracefully shutting down
2025/04/23 16:07:42 [notice] 32#32: gracefully shutting down
2025/04/23 16:07:42 [notice] 34#34: gracefully shutting down
2025/04/23 16:07:42 [notice] 35#35: gracefully shutting down
2025/04/23 16:07:42 [notice] 33#33: gracefully shutting down
2025/04/23 16:07:42 [notice] 37#37: gracefully shutting down
2025/04/23 16:07:42 [notice] 37#37: exiting
2025/04/23 16:07:42 [notice] 36#36: gracefully shutting down
2025/04/23 16:07:42 [notice] 30#30: exiting
2025/04/23 16:07:42 [notice] 31#31: exiting
2025/04/23 16:07:42 [notice] 32#32: exiting
2025/04/23 16:07:42 [notice] 32#32: exit
2025/04/23 16:07:42 [notice] 34#34: exiting
2025/04/23 16:07:42 [notice] 35#35: exiting
2025/04/23 16:07:42 [notice] 33#33: exiting
2025/04/23 16:07:42 [notice] 37#37: exit
2025/04/23 16:07:42 [notice] 36#36: exiting
2025/04/23 16:07:42 [notice] 30#30: exit
2025/04/23 16:07:42 [notice] 31#31: exit
2025/04/23 16:07:42 [notice] 34#34: exit
2025/04/23 16:07:42 [notice] 35#35: exit
2025/04/23 16:07:42 [notice] 33#33: exit
2025/04/23 16:07:42 [notice] 36#36: exit
2025/04/23 16:07:42 [notice] 1#1: signal 17 (SIGCHLD) received from 31
2025/04/23 16:07:42 [notice] 1#1: worker process 30 exited with code 0
2025/04/23 16:07:42 [notice] 1#1: worker process 31 exited with code 0
2025/04/23 16:07:42 [notice] 1#1: worker process 32 exited with code 0
2025/04/23 16:07:42 [notice] 1#1: worker process 37 exited with code 0
2025/04/23 16:07:42 [notice] 1#1: signal 29 (SIGIO) received
2025/04/23 16:07:42 [notice] 1#1: signal 17 (SIGCHLD) received from 33
2025/04/23 16:07:42 [notice] 1#1: worker process 33 exited with code 0
2025/04/23 16:07:42 [notice] 1#1: worker process 34 exited with code 0
2025/04/23 16:07:42 [notice] 1#1: signal 29 (SIGIO) received
2025/04/23 16:07:42 [notice] 1#1: signal 17 (SIGCHLD) received from 36
2025/04/23 16:07:42 [notice] 1#1: worker process 36 exited with code 0
2025/04/23 16:07:42 [notice] 1#1: signal 29 (SIGIO) received
2025/04/23 16:07:42 [notice] 1#1: signal 17 (SIGCHLD) received from 35
2025/04/23 16:07:42 [notice] 1#1: worker process 35 exited with code 0
2025/04/23 16:07:42 [notice] 1#1: exit
2025/04/23 16:08:42 [notice] 1#1: using the "epoll" event method
2025/04/23 16:08:42 [notice] 1#1: nginx/1.21.6
2025/04/23 16:08:42 [notice] 1#1: built by gcc 10.2.1 20210110 (Debian 10.2.1-6) 
2025/04/23 16:08:42 [notice] 1#1: OS: Linux 5.15.167.4-microsoft-standard-WSL2
2025/04/23 16:08:42 [notice] 1#1: getrlimit(RLIMIT_NOFILE): 1048576:1048576
2025/04/23 16:08:42 [notice] 1#1: start worker processes
2025/04/23 16:08:42 [notice] 1#1: start worker process 29
2025/04/23 16:08:42 [notice] 1#1: start worker process 30
2025/04/23 16:08:42 [notice] 1#1: start worker process 31
2025/04/23 16:08:42 [notice] 1#1: start worker process 32
2025/04/23 16:08:42 [notice] 1#1: start worker process 33
2025/04/23 16:08:42 [notice] 1#1: start worker process 34
2025/04/23 16:08:42 [notice] 1#1: start worker process 35
2025/04/23 16:08:42 [notice] 1#1: start worker process 36
2025/04/23 17:11:23 [notice] 1#1: signal 3 (SIGQUIT) received, shutting down
2025/04/23 17:11:23 [notice] 29#29: gracefully shutting down
2025/04/23 17:11:23 [notice] 33#33: gracefully shutting down
2025/04/23 17:11:23 [notice] 30#30: gracefully shutting down
2025/04/23 17:11:23 [notice] 30#30: exiting
2025/04/23 17:11:23 [notice] 34#34: gracefully shutting down
2025/04/23 17:11:23 [notice] 32#32: gracefully shutting down
2025/04/23 17:11:23 [notice] 35#35: gracefully shutting down
2025/04/23 17:11:23 [notice] 36#36: gracefully shutting down
2025/04/23 17:11:23 [notice] 31#31: gracefully shutting down
2025/04/23 17:11:23 [notice] 29#29: exiting
2025/04/23 17:11:23 [notice] 33#33: exiting
2025/04/23 17:11:23 [notice] 30#30: exit
2025/04/23 17:11:23 [notice] 34#34: exiting
2025/04/23 17:11:23 [notice] 32#32: exiting
2025/04/23 17:11:23 [notice] 35#35: exiting
2025/04/23 17:11:23 [notice] 36#36: exiting
2025/04/23 17:11:23 [notice] 31#31: exiting
2025/04/23 17:11:23 [notice] 29#29: exit
2025/04/23 17:11:23 [notice] 33#33: exit
2025/04/23 17:11:23 [notice] 34#34: exit
2025/04/23 17:11:23 [notice] 32#32: exit
2025/04/23 17:11:23 [notice] 35#35: exit
2025/04/23 17:11:23 [notice] 36#36: exit
2025/04/23 17:11:23 [notice] 31#31: exit
2025/04/23 17:11:23 [notice] 1#1: signal 17 (SIGCHLD) received from 29
2025/04/23 17:11:23 [notice] 1#1: worker process 29 exited with code 0
2025/04/23 17:11:23 [notice] 1#1: signal 29 (SIGIO) received
2025/04/23 17:11:23 [notice] 1#1: signal 17 (SIGCHLD) received from 30
2025/04/23 17:11:23 [notice] 1#1: worker process 30 exited with code 0
2025/04/23 17:11:23 [notice] 1#1: signal 29 (SIGIO) received
2025/04/23 17:11:23 [notice] 1#1: signal 17 (SIGCHLD) received from 36
2025/04/23 17:11:23 [notice] 1#1: worker process 31 exited with code 0
2025/04/23 17:11:23 [notice] 1#1: worker process 36 exited with code 0
2025/04/23 17:11:23 [notice] 1#1: signal 29 (SIGIO) received
2025/04/23 17:11:23 [notice] 1#1: signal 17 (SIGCHLD) received from 33
2025/04/23 17:11:23 [notice] 1#1: worker process 33 exited with code 0
2025/04/23 17:11:23 [notice] 1#1: signal 29 (SIGIO) received
2025/04/23 17:11:23 [notice] 1#1: signal 17 (SIGCHLD) received from 35
2025/04/23 17:11:23 [notice] 1#1: worker process 32 exited with code 0
2025/04/23 17:11:23 [notice] 1#1: worker process 34 exited with code 0
2025/04/23 17:11:23 [notice] 1#1: worker process 35 exited with code 0
2025/04/23 17:11:23 [notice] 1#1: exit
2025/04/23 17:11:45 [notice] 1#1: using the "epoll" event method
2025/04/23 17:11:45 [notice] 1#1: nginx/1.21.6
2025/04/23 17:11:45 [notice] 1#1: built by gcc 10.2.1 20210110 (Debian 10.2.1-6) 
2025/04/23 17:11:45 [notice] 1#1: OS: Linux 5.15.167.4-microsoft-standard-WSL2
2025/04/23 17:11:45 [notice] 1#1: getrlimit(RLIMIT_NOFILE): 1048576:1048576
2025/04/23 17:11:45 [notice] 1#1: start worker processes
2025/04/23 17:11:45 [notice] 1#1: start worker process 31
2025/04/23 17:11:45 [notice] 1#1: start worker process 32
2025/04/23 17:11:45 [notice] 1#1: start worker process 33
2025/04/23 17:11:45 [notice] 1#1: start worker process 34
2025/04/23 17:11:45 [notice] 1#1: start worker process 35
2025/04/23 17:11:45 [notice] 1#1: start worker process 36
2025/04/23 17:11:45 [notice] 1#1: start worker process 37
2025/04/23 17:11:45 [notice] 1#1: start worker process 38
2025/04/23 17:13:25 [notice] 1#1: signal 3 (SIGQUIT) received, shutting down
2025/04/23 17:13:25 [notice] 31#31: gracefully shutting down
2025/04/23 17:13:25 [notice] 37#37: gracefully shutting down
2025/04/23 17:13:25 [notice] 33#33: gracefully shutting down
2025/04/23 17:13:25 [notice] 32#32: gracefully shutting down
2025/04/23 17:13:25 [notice] 35#35: gracefully shutting down
2025/04/23 17:13:25 [notice] 34#34: gracefully shutting down
2025/04/23 17:13:25 [notice] 31#31: exiting
2025/04/23 17:13:25 [notice] 38#38: gracefully shutting down
2025/04/23 17:13:25 [notice] 36#36: gracefully shutting down
2025/04/23 17:13:25 [notice] 37#37: exiting
2025/04/23 17:13:25 [notice] 33#33: exiting
2025/04/23 17:13:25 [notice] 32#32: exiting
2025/04/23 17:13:25 [notice] 35#35: exiting
2025/04/23 17:13:25 [notice] 34#34: exiting
2025/04/23 17:13:25 [notice] 31#31: exit
2025/04/23 17:13:25 [notice] 38#38: exiting
2025/04/23 17:13:25 [notice] 36#36: exiting
2025/04/23 17:13:25 [notice] 37#37: exit
2025/04/23 17:13:25 [notice] 33#33: exit
2025/04/23 17:13:25 [notice] 32#32: exit
2025/04/23 17:13:25 [notice] 35#35: exit
2025/04/23 17:13:25 [notice] 34#34: exit
2025/04/23 17:13:25 [notice] 38#38: exit
2025/04/23 17:13:25 [notice] 36#36: exit
2025/04/23 17:16:51 [notice] 1#1: using the "epoll" event method
2025/04/23 17:16:51 [notice] 1#1: nginx/1.21.6
2025/04/23 17:16:51 [notice] 1#1: built by gcc 10.2.1 20210110 (Debian 10.2.1-6) 
2025/04/23 17:16:51 [notice] 1#1: OS: Linux 5.15.167.4-microsoft-standard-WSL2
2025/04/23 17:16:51 [notice] 1#1: getrlimit(RLIMIT_NOFILE): 1048576:1048576
2025/04/23 17:16:51 [notice] 1#1: start worker processes
2025/04/23 17:16:51 [notice] 1#1: start worker process 31
2025/04/23 17:16:51 [notice] 1#1: start worker process 32
2025/04/23 17:16:51 [notice] 1#1: start worker process 33
2025/04/23 17:16:51 [notice] 1#1: start worker process 34
2025/04/23 17:16:51 [notice] 1#1: start worker process 35
2025/04/23 17:16:51 [notice] 1#1: start worker process 36
2025/04/23 17:16:51 [notice] 1#1: start worker process 37
2025/04/23 17:16:51 [notice] 1#1: start worker process 38
2025/04/23 17:20:26 [notice] 1#1: signal 3 (SIGQUIT) received, shutting down
2025/04/23 17:20:26 [notice] 31#31: gracefully shutting down
2025/04/23 17:20:26 [notice] 32#32: gracefully shutting down
2025/04/23 17:20:26 [notice] 34#34: gracefully shutting down
2025/04/23 17:20:26 [notice] 33#33: gracefully shutting down
2025/04/23 17:20:26 [notice] 36#36: gracefully shutting down
2025/04/23 17:20:26 [notice] 35#35: gracefully shutting down
2025/04/23 17:20:26 [notice] 37#37: gracefully shutting down
2025/04/23 17:20:26 [notice] 37#37: exiting
2025/04/23 17:20:26 [notice] 38#38: gracefully shutting down
2025/04/23 17:20:26 [notice] 31#31: exiting
2025/04/23 17:20:26 [notice] 32#32: exiting
2025/04/23 17:20:26 [notice] 34#34: exiting
2025/04/23 17:20:26 [notice] 33#33: exiting
2025/04/23 17:20:26 [notice] 36#36: exiting
2025/04/23 17:20:26 [notice] 35#35: exiting
2025/04/23 17:20:26 [notice] 37#37: exit
2025/04/23 17:20:26 [notice] 38#38: exiting
2025/04/23 17:20:26 [notice] 31#31: exit
2025/04/23 17:20:26 [notice] 32#32: exit
2025/04/23 17:20:26 [notice] 34#34: exit
2025/04/23 17:20:26 [notice] 33#33: exit
2025/04/23 17:20:26 [notice] 36#36: exit
2025/04/23 17:20:26 [notice] 35#35: exit
2025/04/23 17:20:26 [notice] 38#38: exit
2025/04/23 17:20:26 [notice] 1#1: signal 17 (SIGCHLD) received from 36
2025/04/23 17:20:26 [notice] 1#1: worker process 32 exited with code 0
2025/04/23 17:20:26 [notice] 1#1: worker process 33 exited with code 0
2025/04/23 17:20:26 [notice] 1#1: worker process 36 exited with code 0
2025/04/23 17:20:26 [notice] 1#1: worker process 37 exited with code 0
2025/04/23 17:20:26 [notice] 1#1: worker process 38 exited with code 0
2025/04/23 17:20:26 [notice] 1#1: signal 29 (SIGIO) received
2025/04/23 17:20:26 [notice] 1#1: signal 17 (SIGCHLD) received from 34
2025/04/23 17:20:26 [notice] 1#1: worker process 34 exited with code 0
2025/04/23 17:20:26 [notice] 1#1: signal 29 (SIGIO) received
2025/04/23 17:20:26 [notice] 1#1: signal 17 (SIGCHLD) received from 31
2025/04/23 17:20:26 [notice] 1#1: worker process 31 exited with code 0
2025/04/23 17:20:26 [notice] 1#1: worker process 35 exited with code 0
2025/04/23 17:20:26 [notice] 1#1: exit
2025/04/23 17:20:44 [notice] 1#1: using the "epoll" event method
2025/04/23 17:20:44 [notice] 1#1: nginx/1.21.6
2025/04/23 17:20:44 [notice] 1#1: built by gcc 10.2.1 20210110 (Debian 10.2.1-6) 
2025/04/23 17:20:44 [notice] 1#1: OS: Linux 5.15.167.4-microsoft-standard-WSL2
2025/04/23 17:20:44 [notice] 1#1: getrlimit(RLIMIT_NOFILE): 1048576:1048576
2025/04/23 17:20:44 [notice] 1#1: start worker processes
2025/04/23 17:20:44 [notice] 1#1: start worker process 30
2025/04/23 17:20:44 [notice] 1#1: start worker process 31
2025/04/23 17:20:44 [notice] 1#1: start worker process 32
2025/04/23 17:20:44 [notice] 1#1: start worker process 33
2025/04/23 17:20:44 [notice] 1#1: start worker process 34
2025/04/23 17:20:44 [notice] 1#1: start worker process 35
2025/04/23 17:20:44 [notice] 1#1: start worker process 36
2025/04/23 17:20:44 [notice] 1#1: start worker process 37
2025/04/23 17:21:01 [notice] 1#1: signal 3 (SIGQUIT) received, shutting down
2025/04/23 17:21:01 [notice] 30#30: gracefully shutting down
2025/04/23 17:21:01 [notice] 30#30: exiting
2025/04/23 17:21:01 [notice] 31#31: gracefully shutting down
2025/04/23 17:21:01 [notice] 33#33: gracefully shutting down
2025/04/23 17:21:01 [notice] 34#34: gracefully shutting down
2025/04/23 17:21:01 [notice] 34#34: exiting
2025/04/23 17:21:01 [notice] 35#35: gracefully shutting down
2025/04/23 17:21:01 [notice] 36#36: gracefully shutting down
2025/04/23 17:21:01 [notice] 36#36: exiting
2025/04/23 17:21:01 [notice] 37#37: gracefully shutting down
2025/04/23 17:21:01 [notice] 32#32: gracefully shutting down
2025/04/23 17:21:01 [notice] 30#30: exit
2025/04/23 17:21:01 [notice] 31#31: exiting
2025/04/23 17:21:01 [notice] 33#33: exiting
2025/04/23 17:21:01 [notice] 34#34: exit
2025/04/23 17:21:01 [notice] 35#35: exiting
2025/04/23 17:21:01 [notice] 36#36: exit
2025/04/23 17:21:01 [notice] 37#37: exiting
2025/04/23 17:21:01 [notice] 32#32: exiting
2025/04/23 17:21:01 [notice] 31#31: exit
2025/04/23 17:21:01 [notice] 33#33: exit
2025/04/23 17:21:01 [notice] 35#35: exit
2025/04/23 17:21:01 [notice] 37#37: exit
2025/04/23 17:21:01 [notice] 32#32: exit
2025/04/23 17:21:01 [notice] 1#1: signal 17 (SIGCHLD) received from 31
2025/04/23 17:21:01 [notice] 1#1: worker process 31 exited with code 0
2025/04/23 17:21:01 [notice] 1#1: signal 29 (SIGIO) received
2025/04/23 17:21:01 [notice] 1#1: signal 17 (SIGCHLD) received from 37
2025/04/23 17:21:01 [notice] 1#1: worker process 30 exited with code 0
2025/04/23 17:21:01 [notice] 1#1: worker process 32 exited with code 0
2025/04/23 17:21:01 [notice] 1#1: worker process 33 exited with code 0
2025/04/23 17:21:01 [notice] 1#1: worker process 34 exited with code 0
2025/04/23 17:21:01 [notice] 1#1: worker process 35 exited with code 0
2025/04/23 17:21:01 [notice] 1#1: worker process 36 exited with code 0
2025/04/23 17:21:01 [notice] 1#1: worker process 37 exited with code 0
2025/04/23 17:21:01 [notice] 1#1: exit
2025/04/23 17:25:50 [notice] 1#1: using the "epoll" event method
2025/04/23 17:25:50 [notice] 1#1: nginx/1.21.6
2025/04/23 17:25:50 [notice] 1#1: built by gcc 10.2.1 20210110 (Debian 10.2.1-6) 
2025/04/23 17:25:50 [notice] 1#1: OS: Linux 5.15.167.4-microsoft-standard-WSL2
2025/04/23 17:25:50 [notice] 1#1: getrlimit(RLIMIT_NOFILE): 1048576:1048576
2025/04/23 17:25:50 [notice] 1#1: start worker processes
2025/04/23 17:25:50 [notice] 1#1: start worker process 31
2025/04/23 17:25:50 [notice] 1#1: start worker process 32
2025/04/23 17:25:50 [notice] 1#1: start worker process 33
2025/04/23 17:25:50 [notice] 1#1: start worker process 34
2025/04/23 17:25:50 [notice] 1#1: start worker process 35
2025/04/23 17:25:50 [notice] 1#1: start worker process 36
2025/04/23 17:25:50 [notice] 1#1: start worker process 37
2025/04/23 17:25:50 [notice] 1#1: start worker process 38
2025/04/23 17:28:34 [notice] 1#1: signal 3 (SIGQUIT) received, shutting down
2025/04/23 17:28:34 [notice] 32#32: gracefully shutting down
2025/04/23 17:28:34 [notice] 34#34: gracefully shutting down
2025/04/23 17:28:34 [notice] 37#37: gracefully shutting down
2025/04/23 17:28:34 [notice] 37#37: exiting
2025/04/23 17:28:34 [notice] 35#35: gracefully shutting down
2025/04/23 17:28:34 [notice] 33#33: gracefully shutting down
2025/04/23 17:28:34 [notice] 31#31: gracefully shutting down
2025/04/23 17:28:34 [notice] 31#31: exiting
2025/04/23 17:28:34 [notice] 36#36: gracefully shutting down
2025/04/23 17:28:34 [notice] 36#36: exiting
2025/04/23 17:28:34 [notice] 38#38: gracefully shutting down
2025/04/23 17:28:34 [notice] 32#32: exiting
2025/04/23 17:28:34 [notice] 34#34: exiting
2025/04/23 17:28:34 [notice] 37#37: exit
2025/04/23 17:28:34 [notice] 35#35: exiting
2025/04/23 17:28:34 [notice] 33#33: exiting
2025/04/23 17:28:34 [notice] 33#33: exit
2025/04/23 17:28:34 [notice] 31#31: exit
2025/04/23 17:28:34 [notice] 36#36: exit
2025/04/23 17:28:34 [notice] 38#38: exiting
2025/04/23 17:28:34 [notice] 32#32: exit
2025/04/23 17:28:34 [notice] 34#34: exit
2025/04/23 17:28:34 [notice] 35#35: exit
2025/04/23 17:28:34 [notice] 38#38: exit
2025/04/23 17:28:46 [notice] 1#1: using the "epoll" event method
2025/04/23 17:28:46 [notice] 1#1: nginx/1.21.6
2025/04/23 17:28:46 [notice] 1#1: built by gcc 10.2.1 20210110 (Debian 10.2.1-6) 
2025/04/23 17:28:46 [notice] 1#1: OS: Linux 5.15.167.4-microsoft-standard-WSL2
2025/04/23 17:28:46 [notice] 1#1: getrlimit(RLIMIT_NOFILE): 1048576:1048576
2025/04/23 17:28:46 [notice] 1#1: start worker processes
2025/04/23 17:28:46 [notice] 1#1: start worker process 31
2025/04/23 17:28:46 [notice] 1#1: start worker process 32
2025/04/23 17:28:46 [notice] 1#1: start worker process 33
2025/04/23 17:28:46 [notice] 1#1: start worker process 34
2025/04/23 17:28:46 [notice] 1#1: start worker process 35
2025/04/23 17:28:46 [notice] 1#1: start worker process 36
2025/04/23 17:28:46 [notice] 1#1: start worker process 37
2025/04/23 17:28:46 [notice] 1#1: start worker process 38
2025/04/23 17:29:05 [notice] 1#1: signal 3 (SIGQUIT) received, shutting down
2025/04/23 17:29:05 [notice] 31#31: gracefully shutting down
2025/04/23 17:29:05 [notice] 34#34: gracefully shutting down
2025/04/23 17:29:05 [notice] 32#32: gracefully shutting down
2025/04/23 17:29:05 [notice] 33#33: gracefully shutting down
2025/04/23 17:29:05 [notice] 35#35: gracefully shutting down
2025/04/23 17:29:05 [notice] 36#36: gracefully shutting down
2025/04/23 17:29:05 [notice] 38#38: gracefully shutting down
2025/04/23 17:29:05 [notice] 37#37: gracefully shutting down
2025/04/23 17:29:05 [notice] 31#31: exiting
2025/04/23 17:29:05 [notice] 34#34: exiting
2025/04/23 17:29:05 [notice] 33#33: exiting
2025/04/23 17:29:05 [notice] 35#35: exiting
2025/04/23 17:29:05 [notice] 36#36: exiting
2025/04/23 17:29:05 [notice] 38#38: exiting
2025/04/23 17:29:05 [notice] 38#38: exit
2025/04/23 17:29:05 [notice] 37#37: exiting
2025/04/23 17:29:05 [notice] 31#31: exit
2025/04/23 17:29:05 [notice] 34#34: exit
2025/04/23 17:29:05 [notice] 33#33: exit
2025/04/23 17:29:05 [notice] 35#35: exit
2025/04/23 17:29:05 [notice] 36#36: exit
2025/04/23 17:29:05 [notice] 37#37: exit
2025/04/23 17:29:05 [notice] 1#1: signal 17 (SIGCHLD) received from 37
2025/04/23 17:29:05 [notice] 1#1: worker process 31 exited with code 0
2025/04/23 17:29:05 [notice] 1#1: worker process 34 exited with code 0
2025/04/23 17:29:05 [notice] 1#1: worker process 35 exited with code 0
2025/04/23 17:29:05 [notice] 1#1: worker process 36 exited with code 0
2025/04/23 17:29:05 [notice] 1#1: worker process 37 exited with code 0
2025/04/23 17:29:05 [notice] 1#1: worker process 38 exited with code 0
2025/04/23 17:29:05 [notice] 1#1: signal 29 (SIGIO) received
2025/04/23 17:29:05 [notice] 1#1: signal 17 (SIGCHLD) received from 35
2025/04/23 17:29:05 [notice] 1#1: signal 17 (SIGCHLD) received from 33
2025/04/23 17:29:05 [notice] 1#1: worker process 33 exited with code 0
2025/04/23 17:29:05 [notice] 1#1: signal 29 (SIGIO) received
2025/04/23 17:30:26 [notice] 1#1: using the "epoll" event method
2025/04/23 17:30:26 [notice] 1#1: nginx/1.21.6
2025/04/23 17:30:26 [notice] 1#1: built by gcc 10.2.1 20210110 (Debian 10.2.1-6) 
2025/04/23 17:30:26 [notice] 1#1: OS: Linux 5.15.167.4-microsoft-standard-WSL2
2025/04/23 17:30:26 [notice] 1#1: getrlimit(RLIMIT_NOFILE): 1048576:1048576
2025/04/23 17:30:26 [notice] 1#1: start worker processes
2025/04/23 17:30:26 [notice] 1#1: start worker process 30
2025/04/23 17:30:26 [notice] 1#1: start worker process 31
2025/04/23 17:30:26 [notice] 1#1: start worker process 32
2025/04/23 17:30:26 [notice] 1#1: start worker process 33
2025/04/23 17:30:26 [notice] 1#1: start worker process 34
2025/04/23 17:30:26 [notice] 1#1: start worker process 35
2025/04/23 17:30:26 [notice] 1#1: start worker process 36
2025/04/23 17:30:26 [notice] 1#1: start worker process 37
2025/04/23 17:33:30 [notice] 1#1: signal 3 (SIGQUIT) received, shutting down
2025/04/23 17:33:30 [notice] 31#31: gracefully shutting down
2025/04/23 17:33:30 [notice] 32#32: gracefully shutting down
2025/04/23 17:33:30 [notice] 30#30: gracefully shutting down
2025/04/23 17:33:30 [notice] 33#33: gracefully shutting down
2025/04/23 17:33:30 [notice] 34#34: gracefully shutting down
2025/04/23 17:33:30 [notice] 36#36: gracefully shutting down
2025/04/23 17:33:30 [notice] 37#37: gracefully shutting down
2025/04/23 17:33:30 [notice] 35#35: gracefully shutting down
2025/04/23 17:33:30 [notice] 31#31: exiting
2025/04/23 17:33:30 [notice] 32#32: exiting
2025/04/23 17:33:30 [notice] 30#30: exiting
2025/04/23 17:33:30 [notice] 33#33: exiting
2025/04/23 17:33:30 [notice] 34#34: exiting
2025/04/23 17:33:30 [notice] 36#36: exiting
2025/04/23 17:33:30 [notice] 37#37: exiting
2025/04/23 17:33:30 [notice] 35#35: exiting
2025/04/23 17:33:30 [notice] 31#31: exit
2025/04/23 17:33:30 [notice] 32#32: exit
2025/04/23 17:33:30 [notice] 30#30: exit
2025/04/23 17:33:30 [notice] 33#33: exit
2025/04/23 17:33:30 [notice] 34#34: exit
2025/04/23 17:33:30 [notice] 36#36: exit
2025/04/23 17:33:30 [notice] 37#37: exit
2025/04/23 17:33:30 [notice] 35#35: exit
2025/04/23 17:33:30 [notice] 1#1: signal 17 (SIGCHLD) received from 33
2025/04/23 17:33:30 [notice] 1#1: worker process 32 exited with code 0
2025/04/23 17:33:30 [notice] 1#1: worker process 33 exited with code 0
2025/04/23 17:33:30 [notice] 1#1: worker process 35 exited with code 0
2025/04/23 17:33:30 [notice] 1#1: worker process 36 exited with code 0
2025/04/23 17:33:30 [notice] 1#1: signal 29 (SIGIO) received
2025/04/23 17:33:30 [notice] 1#1: signal 17 (SIGCHLD) received from 31
2025/04/23 17:33:30 [notice] 1#1: worker process 30 exited with code 0
2025/04/23 17:33:30 [notice] 1#1: worker process 31 exited with code 0
2025/04/23 17:33:30 [notice] 1#1: worker process 37 exited with code 0
2025/04/23 17:33:30 [notice] 1#1: signal 29 (SIGIO) received
2025/04/23 17:33:30 [notice] 1#1: signal 17 (SIGCHLD) received from 30
2025/04/23 17:33:30 [notice] 1#1: signal 17 (SIGCHLD) received from 34
2025/04/23 17:33:30 [notice] 1#1: worker process 34 exited with code 0
2025/04/23 17:33:30 [notice] 1#1: exit
2025/04/23 17:36:26 [notice] 1#1: using the "epoll" event method
2025/04/23 17:36:26 [notice] 1#1: nginx/1.21.6
2025/04/23 17:36:26 [notice] 1#1: built by gcc 10.2.1 20210110 (Debian 10.2.1-6) 
2025/04/23 17:36:26 [notice] 1#1: OS: Linux 5.15.167.4-microsoft-standard-WSL2
2025/04/23 17:36:26 [notice] 1#1: getrlimit(RLIMIT_NOFILE): 1048576:1048576
2025/04/23 17:36:26 [notice] 1#1: start worker processes
2025/04/23 17:36:26 [notice] 1#1: start worker process 30
2025/04/23 17:36:26 [notice] 1#1: start worker process 31
2025/04/23 17:36:26 [notice] 1#1: start worker process 32
2025/04/23 17:36:26 [notice] 1#1: start worker process 33
2025/04/23 17:36:26 [notice] 1#1: start worker process 34
2025/04/23 17:36:26 [notice] 1#1: start worker process 35
2025/04/23 17:36:26 [notice] 1#1: start worker process 36
2025/04/23 17:36:26 [notice] 1#1: start worker process 37
2025/04/23 18:02:39 [error] 30#30: *24 connect() failed (113: No route to host) while connecting to upstream, client: 172.20.0.1, server: , request: "GET / HTTP/1.1", upstream: "http://172.20.0.2:80/", host: "localhost:3000"
2025/04/23 18:02:39 [warn] 30#30: *24 upstream server temporarily disabled while connecting to upstream, client: 172.20.0.1, server: , request: "GET / HTTP/1.1", upstream: "http://172.20.0.2:80/", host: "localhost:3000"
2025/04/23 18:02:57 [error] 30#30: *24 connect() failed (113: No route to host) while connecting to upstream, client: 172.20.0.1, server: , request: "GET / HTTP/1.1", upstream: "http://172.20.0.3:80/", host: "localhost:3000"
2025/04/23 18:02:57 [warn] 30#30: *24 upstream server temporarily disabled while connecting to upstream, client: 172.20.0.1, server: , request: "GET / HTTP/1.1", upstream: "http://172.20.0.3:80/", host: "localhost:3000"
2025/04/23 18:03:16 [error] 30#30: *24 connect() failed (113: No route to host) while connecting to upstream, client: 172.20.0.1, server: , request: "GET / HTTP/1.1", upstream: "http://172.20.0.4:80/", host: "localhost:3000"
2025/04/23 18:03:16 [warn] 30#30: *24 upstream server temporarily disabled while connecting to upstream, client: 172.20.0.1, server: , request: "GET / HTTP/1.1", upstream: "http://172.20.0.4:80/", host: "localhost:3000"
2025/04/23 18:03:55 [error] 30#30: *24 connect() failed (113: No route to host) while connecting to upstream, client: 172.20.0.1, server: , request: "GET / HTTP/1.1", upstream: "http://172.20.0.4:80/", host: "localhost:3000"
2025/04/23 18:03:55 [warn] 30#30: *24 upstream server temporarily disabled while connecting to upstream, client: 172.20.0.1, server: , request: "GET / HTTP/1.1", upstream: "http://172.20.0.4:80/", host: "localhost:3000"
2025/04/23 18:03:58 [error] 30#30: *24 connect() failed (113: No route to host) while connecting to upstream, client: 172.20.0.1, server: , request: "GET / HTTP/1.1", upstream: "http://172.20.0.3:80/", host: "localhost:3000"
2025/04/23 18:03:58 [warn] 30#30: *24 upstream server temporarily disabled while connecting to upstream, client: 172.20.0.1, server: , request: "GET / HTTP/1.1", upstream: "http://172.20.0.3:80/", host: "localhost:3000"
2025/04/23 18:04:01 [error] 30#30: *24 connect() failed (113: No route to host) while connecting to upstream, client: 172.20.0.1, server: , request: "GET / HTTP/1.1", upstream: "http://172.20.0.2:80/", host: "localhost:3000"
2025/04/23 18:04:01 [warn] 30#30: *24 upstream server temporarily disabled while connecting to upstream, client: 172.20.0.1, server: , request: "GET / HTTP/1.1", upstream: "http://172.20.0.2:80/", host: "localhost:3000"
2025/04/23 19:10:32 [notice] 1#1: using the "epoll" event method
2025/04/23 19:10:32 [notice] 1#1: nginx/1.21.6
2025/04/23 19:10:32 [notice] 1#1: built by gcc 10.2.1 20210110 (Debian 10.2.1-6) 
2025/04/23 19:10:32 [notice] 1#1: OS: Linux 5.15.167.4-microsoft-standard-WSL2
2025/04/23 19:10:32 [notice] 1#1: getrlimit(RLIMIT_NOFILE): 1048576:1048576
